ERROR - 2023-07-11 17:45:49 --> Error connecting to the database: mysqli_sql_exception: Access denied for user ''@'localhost' (using password: NO) in C:\xampp\htdocs\MyOrder\codeigniter4-framework-e392123\system\Database\MySQLi\Connection.php:174
Stack trace:
#0 C:\xampp\htdocs\MyOrder\codeigniter4-framework-e392123\system\Database\MySQLi\Connection.php(174): mysqli->real_connect('localhost', '', '', '', 3306, '', 0)
#1 C:\xampp\htdocs\MyOrder\codeigniter4-framework-e392123\system\Database\BaseConnection.php(391): CodeIgniter\Database\MySQLi\Connection->connect(false)
#2 C:\xampp\htdocs\MyOrder\codeigniter4-framework-e392123\system\Database\BaseConnection.php(574): CodeIgniter\Database\BaseConnection->initialize()
#3 C:\xampp\htdocs\MyOrder\codeigniter4-framework-e392123\system\Database\BaseBuilder.php(1616): CodeIgniter\Database\BaseConnection->query('SELECT *\nFROM `...', Array, false)
#4 C:\xampp\htdocs\MyOrder\codeigniter4-framework-e392123\system\Model.php(241): CodeIgniter\Database\BaseBuilder->get()
#5 C:\xampp\htdocs\MyOrder\codeigniter4-framework-e392123\system\BaseModel.php(618): CodeIgniter\Model->doFindAll(0, 0)
#6 C:\xampp\htdocs\MyOrder\codeigniter4-framework-e392123\app\Controllers\MenuController.php(15): CodeIgniter\BaseModel->findAll()
#7 C:\xampp\htdocs\MyOrder\codeigniter4-framework-e392123\system\CodeIgniter.php(932): App\Controllers\MenuController->item()
#8 C:\xampp\htdocs\MyOrder\codeigniter4-framework-e392123\system\CodeIgniter.php(497): CodeIgniter\CodeIgniter->runController(Object(App\Controllers\MenuController))
#9 C:\xampp\htdocs\MyOrder\codeigniter4-framework-e392123\system\CodeIgniter.php(366): CodeIgniter\CodeIgniter->handleRequest(NULL, Object(Config\Cache), false)
#10 C:\xampp\htdocs\MyOrder\codeigniter4-framework-e392123\public\index.php(67): CodeIgniter\CodeIgniter->run()
#11 C:\xampp\htdocs\MyOrder\codeigniter4-framework-e392123\system\Commands\Server\rewrite.php(47): require_once('C:\\xampp\\htdocs...')
#12 {main}

Next CodeIgniter\Database\Exceptions\DatabaseException: Access denied for user ''@'localhost' (using password: NO) in C:\xampp\htdocs\MyOrder\codeigniter4-framework-e392123\system\Database\MySQLi\Connection.php:218
Stack trace:
#0 C:\xampp\htdocs\MyOrder\codeigniter4-framework-e392123\system\Database\BaseConnection.php(391): CodeIgniter\Database\MySQLi\Connection->connect(false)
#1 C:\xampp\htdocs\MyOrder\codeigniter4-framework-e392123\system\Database\BaseConnection.php(574): CodeIgniter\Database\BaseConnection->initialize()
#2 C:\xampp\htdocs\MyOrder\codeigniter4-framework-e392123\system\Database\BaseBuilder.php(1616): CodeIgniter\Database\BaseConnection->query('SELECT *\nFROM `...', Array, false)
#3 C:\xampp\htdocs\MyOrder\codeigniter4-framework-e392123\system\Model.php(241): CodeIgniter\Database\BaseBuilder->get()
#4 C:\xampp\htdocs\MyOrder\codeigniter4-framework-e392123\system\BaseModel.php(618): CodeIgniter\Model->doFindAll(0, 0)
#5 C:\xampp\htdocs\MyOrder\codeigniter4-framework-e392123\app\Controllers\MenuController.php(15): CodeIgniter\BaseModel->findAll()
#6 C:\xampp\htdocs\MyOrder\codeigniter4-framework-e392123\system\CodeIgniter.php(932): App\Controllers\MenuController->item()
#7 C:\xampp\htdocs\MyOrder\codeigniter4-framework-e392123\system\CodeIgniter.php(497): CodeIgniter\CodeIgniter->runController(Object(App\Controllers\MenuController))
#8 C:\xampp\htdocs\MyOrder\codeigniter4-framework-e392123\system\CodeIgniter.php(366): CodeIgniter\CodeIgniter->handleRequest(NULL, Object(Config\Cache), false)
#9 C:\xampp\htdocs\MyOrder\codeigniter4-framework-e392123\public\index.php(67): CodeIgniter\CodeIgniter->run()
#10 C:\xampp\htdocs\MyOrder\codeigniter4-framework-e392123\system\Commands\Server\rewrite.php(47): require_once('C:\\xampp\\htdocs...')
#11 {main}
CRITICAL - 2023-07-11 17:45:49 --> Unable to connect to the database.
Main connection [MySQLi]: Access denied for user ''@'localhost' (using password: NO)
in SYSTEMPATH\Database\BaseConnection.php on line 427.
 1 SYSTEMPATH\Database\BaseConnection.php(574): CodeIgniter\Database\BaseConnection->initialize()
 2 SYSTEMPATH\Database\BaseBuilder.php(1616): CodeIgniter\Database\BaseConnection->query('SELECT *
FROM `product`', [], false)
 3 SYSTEMPATH\Model.php(241): CodeIgniter\Database\BaseBuilder->get()
 4 SYSTEMPATH\BaseModel.php(618): CodeIgniter\Model->doFindAll(0, 0)
 5 APPPATH\Controllers\MenuController.php(15): CodeIgniter\BaseModel->findAll()
 6 SYSTEMPATH\CodeIgniter.php(932): App\Controllers\MenuController->item()
 7 SYSTEMPATH\CodeIgniter.php(497): CodeIgniter\CodeIgniter->runController(Object(App\Controllers\MenuController))
 8 SYSTEMPATH\CodeIgniter.php(366): CodeIgniter\CodeIgniter->handleRequest(null, Object(Config\Cache), false)
 9 FCPATH\index.php(67): CodeIgniter\CodeIgniter->run()
10 SYSTEMPATH\Commands\Server\rewrite.php(47): require_once('C:\\xampp\\htdocs\\MyOrder\\codeigniter4-framework-e392123\\public\\index.php')
ERROR - 2023-07-11 17:46:46 --> Error connecting to the database: mysqli_sql_exception: Access denied for user ''@'localhost' (using password: NO) in C:\xampp\htdocs\MyOrder\codeigniter4-framework-e392123\system\Database\MySQLi\Connection.php:174
Stack trace:
#0 C:\xampp\htdocs\MyOrder\codeigniter4-framework-e392123\system\Database\MySQLi\Connection.php(174): mysqli->real_connect('localhost', '', '', '', 3306, '', 0)
#1 C:\xampp\htdocs\MyOrder\codeigniter4-framework-e392123\system\Database\BaseConnection.php(391): CodeIgniter\Database\MySQLi\Connection->connect(false)
#2 C:\xampp\htdocs\MyOrder\codeigniter4-framework-e392123\system\Database\BaseConnection.php(574): CodeIgniter\Database\BaseConnection->initialize()
#3 C:\xampp\htdocs\MyOrder\codeigniter4-framework-e392123\system\Database\BaseBuilder.php(1616): CodeIgniter\Database\BaseConnection->query('SELECT *\nFROM `...', Array, false)
#4 C:\xampp\htdocs\MyOrder\codeigniter4-framework-e392123\system\Model.php(241): CodeIgniter\Database\BaseBuilder->get()
#5 C:\xampp\htdocs\MyOrder\codeigniter4-framework-e392123\system\BaseModel.php(618): CodeIgniter\Model->doFindAll(0, 0)
#6 C:\xampp\htdocs\MyOrder\codeigniter4-framework-e392123\app\Controllers\MenuController.php(15): CodeIgniter\BaseModel->findAll()
#7 C:\xampp\htdocs\MyOrder\codeigniter4-framework-e392123\system\CodeIgniter.php(932): App\Controllers\MenuController->item()
#8 C:\xampp\htdocs\MyOrder\codeigniter4-framework-e392123\system\CodeIgniter.php(497): CodeIgniter\CodeIgniter->runController(Object(App\Controllers\MenuController))
#9 C:\xampp\htdocs\MyOrder\codeigniter4-framework-e392123\system\CodeIgniter.php(366): CodeIgniter\CodeIgniter->handleRequest(NULL, Object(Config\Cache), false)
#10 C:\xampp\htdocs\MyOrder\codeigniter4-framework-e392123\public\index.php(67): CodeIgniter\CodeIgniter->run()
#11 C:\xampp\htdocs\MyOrder\codeigniter4-framework-e392123\system\Commands\Server\rewrite.php(47): require_once('C:\\xampp\\htdocs...')
#12 {main}

Next CodeIgniter\Database\Exceptions\DatabaseException: Access denied for user ''@'localhost' (using password: NO) in C:\xampp\htdocs\MyOrder\codeigniter4-framework-e392123\system\Database\MySQLi\Connection.php:218
Stack trace:
#0 C:\xampp\htdocs\MyOrder\codeigniter4-framework-e392123\system\Database\BaseConnection.php(391): CodeIgniter\Database\MySQLi\Connection->connect(false)
#1 C:\xampp\htdocs\MyOrder\codeigniter4-framework-e392123\system\Database\BaseConnection.php(574): CodeIgniter\Database\BaseConnection->initialize()
#2 C:\xampp\htdocs\MyOrder\codeigniter4-framework-e392123\system\Database\BaseBuilder.php(1616): CodeIgniter\Database\BaseConnection->query('SELECT *\nFROM `...', Array, false)
#3 C:\xampp\htdocs\MyOrder\codeigniter4-framework-e392123\system\Model.php(241): CodeIgniter\Database\BaseBuilder->get()
#4 C:\xampp\htdocs\MyOrder\codeigniter4-framework-e392123\system\BaseModel.php(618): CodeIgniter\Model->doFindAll(0, 0)
#5 C:\xampp\htdocs\MyOrder\codeigniter4-framework-e392123\app\Controllers\MenuController.php(15): CodeIgniter\BaseModel->findAll()
#6 C:\xampp\htdocs\MyOrder\codeigniter4-framework-e392123\system\CodeIgniter.php(932): App\Controllers\MenuController->item()
#7 C:\xampp\htdocs\MyOrder\codeigniter4-framework-e392123\system\CodeIgniter.php(497): CodeIgniter\CodeIgniter->runController(Object(App\Controllers\MenuController))
#8 C:\xampp\htdocs\MyOrder\codeigniter4-framework-e392123\system\CodeIgniter.php(366): CodeIgniter\CodeIgniter->handleRequest(NULL, Object(Config\Cache), false)
#9 C:\xampp\htdocs\MyOrder\codeigniter4-framework-e392123\public\index.php(67): CodeIgniter\CodeIgniter->run()
#10 C:\xampp\htdocs\MyOrder\codeigniter4-framework-e392123\system\Commands\Server\rewrite.php(47): require_once('C:\\xampp\\htdocs...')
#11 {main}
CRITICAL - 2023-07-11 17:46:46 --> Unable to connect to the database.
Main connection [MySQLi]: Access denied for user ''@'localhost' (using password: NO)
in SYSTEMPATH\Database\BaseConnection.php on line 427.
 1 SYSTEMPATH\Database\BaseConnection.php(574): CodeIgniter\Database\BaseConnection->initialize()
 2 SYSTEMPATH\Database\BaseBuilder.php(1616): CodeIgniter\Database\BaseConnection->query('SELECT *
FROM `product`', [], false)
 3 SYSTEMPATH\Model.php(241): CodeIgniter\Database\BaseBuilder->get()
 4 SYSTEMPATH\BaseModel.php(618): CodeIgniter\Model->doFindAll(0, 0)
 5 APPPATH\Controllers\MenuController.php(15): CodeIgniter\BaseModel->findAll()
 6 SYSTEMPATH\CodeIgniter.php(932): App\Controllers\MenuController->item()
 7 SYSTEMPATH\CodeIgniter.php(497): CodeIgniter\CodeIgniter->runController(Object(App\Controllers\MenuController))
 8 SYSTEMPATH\CodeIgniter.php(366): CodeIgniter\CodeIgniter->handleRequest(null, Object(Config\Cache), false)
 9 FCPATH\index.php(67): CodeIgniter\CodeIgniter->run()
10 SYSTEMPATH\Commands\Server\rewrite.php(47): require_once('C:\\xampp\\htdocs\\MyOrder\\codeigniter4-framework-e392123\\public\\index.php')
ERROR - 2023-07-11 17:46:51 --> Error connecting to the database: mysqli_sql_exception: Access denied for user ''@'localhost' (using password: NO) in C:\xampp\htdocs\MyOrder\codeigniter4-framework-e392123\system\Database\MySQLi\Connection.php:174
Stack trace:
#0 C:\xampp\htdocs\MyOrder\codeigniter4-framework-e392123\system\Database\MySQLi\Connection.php(174): mysqli->real_connect('localhost', '', '', '', 3306, '', 0)
#1 C:\xampp\htdocs\MyOrder\codeigniter4-framework-e392123\system\Database\BaseConnection.php(391): CodeIgniter\Database\MySQLi\Connection->connect(false)
#2 C:\xampp\htdocs\MyOrder\codeigniter4-framework-e392123\system\Database\BaseConnection.php(574): CodeIgniter\Database\BaseConnection->initialize()
#3 C:\xampp\htdocs\MyOrder\codeigniter4-framework-e392123\system\Database\BaseBuilder.php(1616): CodeIgniter\Database\BaseConnection->query('SELECT *\nFROM `...', Array, false)
#4 C:\xampp\htdocs\MyOrder\codeigniter4-framework-e392123\system\Model.php(241): CodeIgniter\Database\BaseBuilder->get()
#5 C:\xampp\htdocs\MyOrder\codeigniter4-framework-e392123\system\BaseModel.php(618): CodeIgniter\Model->doFindAll(0, 0)
#6 C:\xampp\htdocs\MyOrder\codeigniter4-framework-e392123\app\Controllers\AdminController.php(16): CodeIgniter\BaseModel->findAll()
#7 C:\xampp\htdocs\MyOrder\codeigniter4-framework-e392123\system\CodeIgniter.php(932): App\Controllers\AdminController->admin()
#8 C:\xampp\htdocs\MyOrder\codeigniter4-framework-e392123\system\CodeIgniter.php(497): CodeIgniter\CodeIgniter->runController(Object(App\Controllers\AdminController))
#9 C:\xampp\htdocs\MyOrder\codeigniter4-framework-e392123\system\CodeIgniter.php(366): CodeIgniter\CodeIgniter->handleRequest(NULL, Object(Config\Cache), false)
#10 C:\xampp\htdocs\MyOrder\codeigniter4-framework-e392123\public\index.php(67): CodeIgniter\CodeIgniter->run()
#11 C:\xampp\htdocs\MyOrder\codeigniter4-framework-e392123\system\Commands\Server\rewrite.php(47): require_once('C:\\xampp\\htdocs...')
#12 {main}

Next CodeIgniter\Database\Exceptions\DatabaseException: Access denied for user ''@'localhost' (using password: NO) in C:\xampp\htdocs\MyOrder\codeigniter4-framework-e392123\system\Database\MySQLi\Connection.php:218
Stack trace:
#0 C:\xampp\htdocs\MyOrder\codeigniter4-framework-e392123\system\Database\BaseConnection.php(391): CodeIgniter\Database\MySQLi\Connection->connect(false)
#1 C:\xampp\htdocs\MyOrder\codeigniter4-framework-e392123\system\Database\BaseConnection.php(574): CodeIgniter\Database\BaseConnection->initialize()
#2 C:\xampp\htdocs\MyOrder\codeigniter4-framework-e392123\system\Database\BaseBuilder.php(1616): CodeIgniter\Database\BaseConnection->query('SELECT *\nFROM `...', Array, false)
#3 C:\xampp\htdocs\MyOrder\codeigniter4-framework-e392123\system\Model.php(241): CodeIgniter\Database\BaseBuilder->get()
#4 C:\xampp\htdocs\MyOrder\codeigniter4-framework-e392123\system\BaseModel.php(618): CodeIgniter\Model->doFindAll(0, 0)
#5 C:\xampp\htdocs\MyOrder\codeigniter4-framework-e392123\app\Controllers\AdminController.php(16): CodeIgniter\BaseModel->findAll()
#6 C:\xampp\htdocs\MyOrder\codeigniter4-framework-e392123\system\CodeIgniter.php(932): App\Controllers\AdminController->admin()
#7 C:\xampp\htdocs\MyOrder\codeigniter4-framework-e392123\system\CodeIgniter.php(497): CodeIgniter\CodeIgniter->runController(Object(App\Controllers\AdminController))
#8 C:\xampp\htdocs\MyOrder\codeigniter4-framework-e392123\system\CodeIgniter.php(366): CodeIgniter\CodeIgniter->handleRequest(NULL, Object(Config\Cache), false)
#9 C:\xampp\htdocs\MyOrder\codeigniter4-framework-e392123\public\index.php(67): CodeIgniter\CodeIgniter->run()
#10 C:\xampp\htdocs\MyOrder\codeigniter4-framework-e392123\system\Commands\Server\rewrite.php(47): require_once('C:\\xampp\\htdocs...')
#11 {main}
CRITICAL - 2023-07-11 17:46:51 --> Unable to connect to the database.
Main connection [MySQLi]: Access denied for user ''@'localhost' (using password: NO)
in SYSTEMPATH\Database\BaseConnection.php on line 427.
 1 SYSTEMPATH\Database\BaseConnection.php(574): CodeIgniter\Database\BaseConnection->initialize()
 2 SYSTEMPATH\Database\BaseBuilder.php(1616): CodeIgniter\Database\BaseConnection->query('SELECT *
FROM `order`', [], false)
 3 SYSTEMPATH\Model.php(241): CodeIgniter\Database\BaseBuilder->get()
 4 SYSTEMPATH\BaseModel.php(618): CodeIgniter\Model->doFindAll(0, 0)
 5 APPPATH\Controllers\AdminController.php(16): CodeIgniter\BaseModel->findAll()
 6 SYSTEMPATH\CodeIgniter.php(932): App\Controllers\AdminController->admin()
 7 SYSTEMPATH\CodeIgniter.php(497): CodeIgniter\CodeIgniter->runController(Object(App\Controllers\AdminController))
 8 SYSTEMPATH\CodeIgniter.php(366): CodeIgniter\CodeIgniter->handleRequest(null, Object(Config\Cache), false)
 9 FCPATH\index.php(67): CodeIgniter\CodeIgniter->run()
10 SYSTEMPATH\Commands\Server\rewrite.php(47): require_once('C:\\xampp\\htdocs\\MyOrder\\codeigniter4-framework-e392123\\public\\index.php')
ERROR - 2023-07-11 18:01:41 --> Error connecting to the database: mysqli_sql_exception: Access denied for user 'root'@'localhost' (using password: YES) in C:\xampp\htdocs\MyOrder\system\Database\MySQLi\Connection.php:174
Stack trace:
#0 C:\xampp\htdocs\MyOrder\system\Database\MySQLi\Connection.php(174): mysqli->real_connect('localhost', 'root', 'root', 'uas_pw2', 3306, '', 0)
#1 C:\xampp\htdocs\MyOrder\system\Database\BaseConnection.php(391): CodeIgniter\Database\MySQLi\Connection->connect(false)
#2 C:\xampp\htdocs\MyOrder\system\Database\BaseConnection.php(574): CodeIgniter\Database\BaseConnection->initialize()
#3 C:\xampp\htdocs\MyOrder\system\Database\BaseBuilder.php(1616): CodeIgniter\Database\BaseConnection->query('SELECT *\nFROM `...', Array, false)
#4 C:\xampp\htdocs\MyOrder\system\Model.php(241): CodeIgniter\Database\BaseBuilder->get()
#5 C:\xampp\htdocs\MyOrder\system\BaseModel.php(618): CodeIgniter\Model->doFindAll(0, 0)
#6 C:\xampp\htdocs\MyOrder\app\Controllers\MenuController.php(15): CodeIgniter\BaseModel->findAll()
#7 C:\xampp\htdocs\MyOrder\system\CodeIgniter.php(932): App\Controllers\MenuController->item()
#8 C:\xampp\htdocs\MyOrder\system\CodeIgniter.php(497): CodeIgniter\CodeIgniter->runController(Object(App\Controllers\MenuController))
#9 C:\xampp\htdocs\MyOrder\system\CodeIgniter.php(366): CodeIgniter\CodeIgniter->handleRequest(NULL, Object(Config\Cache), false)
#10 C:\xampp\htdocs\MyOrder\public\index.php(67): CodeIgniter\CodeIgniter->run()
#11 C:\xampp\htdocs\MyOrder\system\Commands\Server\rewrite.php(47): require_once('C:\\xampp\\htdocs...')
#12 {main}

Next CodeIgniter\Database\Exceptions\DatabaseException: Access denied for user '****'@'localhost' (using password: YES) in C:\xampp\htdocs\MyOrder\system\Database\MySQLi\Connection.php:218
Stack trace:
#0 C:\xampp\htdocs\MyOrder\system\Database\BaseConnection.php(391): CodeIgniter\Database\MySQLi\Connection->connect(false)
#1 C:\xampp\htdocs\MyOrder\system\Database\BaseConnection.php(574): CodeIgniter\Database\BaseConnection->initialize()
#2 C:\xampp\htdocs\MyOrder\system\Database\BaseBuilder.php(1616): CodeIgniter\Database\BaseConnection->query('SELECT *\nFROM `...', Array, false)
#3 C:\xampp\htdocs\MyOrder\system\Model.php(241): CodeIgniter\Database\BaseBuilder->get()
#4 C:\xampp\htdocs\MyOrder\system\BaseModel.php(618): CodeIgniter\Model->doFindAll(0, 0)
#5 C:\xampp\htdocs\MyOrder\app\Controllers\MenuController.php(15): CodeIgniter\BaseModel->findAll()
#6 C:\xampp\htdocs\MyOrder\system\CodeIgniter.php(932): App\Controllers\MenuController->item()
#7 C:\xampp\htdocs\MyOrder\system\CodeIgniter.php(497): CodeIgniter\CodeIgniter->runController(Object(App\Controllers\MenuController))
#8 C:\xampp\htdocs\MyOrder\system\CodeIgniter.php(366): CodeIgniter\CodeIgniter->handleRequest(NULL, Object(Config\Cache), false)
#9 C:\xampp\htdocs\MyOrder\public\index.php(67): CodeIgniter\CodeIgniter->run()
#10 C:\xampp\htdocs\MyOrder\system\Commands\Server\rewrite.php(47): require_once('C:\\xampp\\htdocs...')
#11 {main}
CRITICAL - 2023-07-11 18:01:41 --> Unable to connect to the database.
Main connection [MySQLi]: Access denied for user '****'@'localhost' (using password: YES)
in SYSTEMPATH\Database\BaseConnection.php on line 427.
 1 SYSTEMPATH\Database\BaseConnection.php(574): CodeIgniter\Database\BaseConnection->initialize()
 2 SYSTEMPATH\Database\BaseBuilder.php(1616): CodeIgniter\Database\BaseConnection->query('SELECT *
FROM `product`', [], false)
 3 SYSTEMPATH\Model.php(241): CodeIgniter\Database\BaseBuilder->get()
 4 SYSTEMPATH\BaseModel.php(618): CodeIgniter\Model->doFindAll(0, 0)
 5 APPPATH\Controllers\MenuController.php(15): CodeIgniter\BaseModel->findAll()
 6 SYSTEMPATH\CodeIgniter.php(932): App\Controllers\MenuController->item()
 7 SYSTEMPATH\CodeIgniter.php(497): CodeIgniter\CodeIgniter->runController(Object(App\Controllers\MenuController))
 8 SYSTEMPATH\CodeIgniter.php(366): CodeIgniter\CodeIgniter->handleRequest(null, Object(Config\Cache), false)
 9 FCPATH\index.php(67): CodeIgniter\CodeIgniter->run()
10 SYSTEMPATH\Commands\Server\rewrite.php(47): require_once('C:\\xampp\\htdocs\\MyOrder\\public\\index.php')
INFO - 2023-07-11 18:03:39 --> Session: Class initialized using 'CodeIgniter\Session\Handlers\FileHandler' driver.
INFO - 2023-07-11 18:03:43 --> Session: Class initialized using 'CodeIgniter\Session\Handlers\FileHandler' driver.
INFO - 2023-07-11 18:03:43 --> Session: Class initialized using 'CodeIgniter\Session\Handlers\FileHandler' driver.
INFO - 2023-07-11 18:03:47 --> Session: Class initialized using 'CodeIgniter\Session\Handlers\FileHandler' driver.
INFO - 2023-07-11 18:04:01 --> Session: Class initialized using 'CodeIgniter\Session\Handlers\FileHandler' driver.
INFO - 2023-07-11 18:04:02 --> Session: Class initialized using 'CodeIgniter\Session\Handlers\FileHandler' driver.
INFO - 2023-07-11 18:06:15 --> Session: Class initialized using 'CodeIgniter\Session\Handlers\FileHandler' driver.
INFO - 2023-07-11 18:06:24 --> Session: Class initialized using 'CodeIgniter\Session\Handlers\FileHandler' driver.
INFO - 2023-07-11 19:21:15 --> Session: Class initialized using 'CodeIgniter\Session\Handlers\FileHandler' driver.
INFO - 2023-07-11 19:22:10 --> Session: Class initialized using 'CodeIgniter\Session\Handlers\FileHandler' driver.
INFO - 2023-07-11 19:22:17 --> Session: Class initialized using 'CodeIgniter\Session\Handlers\FileHandler' driver.
INFO - 2023-07-11 19:26:07 --> Session: Class initialized using 'CodeIgniter\Session\Handlers\FileHandler' driver.
INFO - 2023-07-11 19:26:12 --> Session: Class initialized using 'CodeIgniter\Session\Handlers\FileHandler' driver.
INFO - 2023-07-11 19:26:12 --> Session: Class initialized using 'CodeIgniter\Session\Handlers\FileHandler' driver.
INFO - 2023-07-11 19:26:13 --> Session: Class initialized using 'CodeIgniter\Session\Handlers\FileHandler' driver.
INFO - 2023-07-11 19:26:24 --> Session: Class initialized using 'CodeIgniter\Session\Handlers\FileHandler' driver.
INFO - 2023-07-11 19:26:25 --> Session: Class initialized using 'CodeIgniter\Session\Handlers\FileHandler' driver.
INFO - 2023-07-11 19:27:12 --> Session: Class initialized using 'CodeIgniter\Session\Handlers\FileHandler' driver.
